<?xml version="1.0" encoding="UTF-8"?>
<!-- Generated by org.testng.reporters.JUnitReportReporter -->
<testsuite skipped="0" hostname="DESKTOP-FKQ7FVA" name="demo.TestNGDependencyDemo" tests="3" failures="0" timestamp="19 Aug 2019 11:51:24 GMT" time="0.017" errors="0">
  <testcase name="testMethod1" time="0.001" classname="demo.TestNGDependencyDemo"/>
  <testcase name="testMethod3" time="0.003" classname="demo.TestNGDependencyDemo"/>
  <testcase name="testMethod2" time="0.013" classname="demo.TestNGDependencyDemo"/>
</testsuite> <!-- demo.TestNGDependencyDemo -->
