<?xml version="1.0" encoding="UTF-8"?>
<!-- Generated by org.testng.reporters.JUnitReportReporter -->
<testsuite skipped="0" hostname="DESKTOP-FKQ7FVA" name="demo.TestNGPriorityDemo" tests="3" failures="0" timestamp="19 Aug 2019 10:28:48 GMT" time="0.000" errors="0">
  <testcase name="test2" time="0.000" classname="demo.TestNGPriorityDemo"/>
  <testcase name="test3" time="0.000" classname="demo.TestNGPriorityDemo"/>
  <testcase name="test1" time="0.000" classname="demo.TestNGPriorityDemo"/>
</testsuite> <!-- demo.TestNGPriorityDemo -->
