<?xml version="1.0" encoding="UTF-8"?>
<!-- Generated by org.testng.reporters.JUnitReportReporter -->
<testsuite skipped="0" hostname="DESKTOP-FKQ7FVA" name="util.ExcelDataProvider" tests="3" failures="0" timestamp="17 Aug 2019 12:12:05 GMT" time="10.163" errors="0">
  <testcase name="test1" time="2.466" classname="util.ExcelDataProvider"/>
  <testcase name="test1" time="2.494" classname="util.ExcelDataProvider"/>
  <testcase name="test1" time="5.203" classname="util.ExcelDataProvider"/>
</testsuite> <!-- util.ExcelDataProvider -->
