<?xml version="1.0" encoding="UTF-8"?>
<!-- Generated by org.testng.reporters.JUnitReportReporter -->
<testsuite skipped="0" hostname="DESKTOP-FKQ7FVA" name="demo.TestNGGroupsDemo" tests="3" failures="0" timestamp="19 Aug 2019 11:34:22 GMT" time="0.032" errors="0">
  <testcase name="testMethod2" time="0.005" classname="demo.TestNGGroupsDemo"/>
  <testcase name="testMethod3" time="0.004" classname="demo.TestNGGroupsDemo"/>
  <testcase name="testMethod1" time="0.023" classname="demo.TestNGGroupsDemo"/>
</testsuite> <!-- demo.TestNGGroupsDemo -->
