<?xml version="1.0" encoding="UTF-8"?>
<!-- Generated by org.testng.reporters.JUnitReportReporter -->
<testsuite skipped="0" hostname="DESKTOP-FKQ7FVA" name="test.ExtentReportsDemoWithTestNG" tests="1" failures="0" timestamp="17 Aug 2019 04:39:40 GMT" time="3.430" errors="0">
  <testcase name="test" time="3.430" classname="test.ExtentReportsDemoWithTestNG"/>
</testsuite> <!-- test.ExtentReportsDemoWithTestNG -->
