<?xml version="1.0" encoding="UTF-8"?>
<!-- Generated by org.testng.reporters.JUnitReportReporter -->
<testsuite skipped="0" hostname="DESKTOP-FKQ7FVA" name="test.GoogleSearchTestByTestNG2" tests="2" failures="0" timestamp="16 Aug 2019 09:01:57 GMT" time="8.818" errors="0">
  <testcase name="googleSearchTest2" time="5.452" classname="test.GoogleSearchTestByTestNG2"/>
  <testcase name="googleSearchTest3" time="3.366" classname="test.GoogleSearchTestByTestNG2"/>
</testsuite> <!-- test.GoogleSearchTestByTestNG2 -->
