<?xml version="1.0" encoding="UTF-8"?>
<!-- Generated by org.testng.reporters.JUnitReportReporter -->
<testsuite skipped="0" hostname="DESKTOP-FKQ7FVA" name="demo.RecordTest1" tests="1" failures="0" timestamp="19 Aug 2019 12:22:44 GMT" time="7.584" errors="0">
  <testcase name="testRecordTest1" time="7.584" classname="demo.RecordTest1"/>
</testsuite> <!-- demo.RecordTest1 -->
