<?xml version="1.0" encoding="UTF-8"?>
<!-- Generated by org.testng.reporters.JUnitReportReporter -->
<testsuite skipped="1" hostname="DESKTOP-FKQ7FVA" name="listener.TestNGListenerDemo2" tests="3" failures="0" timestamp="19 Aug 2019 08:12:45 GMT" time="0.010" errors="0">
  <testcase name="test22" time="0.009" classname="listener.TestNGListenerDemo2"/>
  <testcase name="test23" time="0.000" classname="listener.TestNGListenerDemo2">
    <skipped/>
  </testcase> <!-- test23 -->
  <testcase name="test21" time="0.001" classname="listener.TestNGListenerDemo2"/>
</testsuite> <!-- listener.TestNGListenerDemo2 -->
