<?xml version="1.0" encoding="UTF-8"?>
<!-- Generated by org.testng.reporters.JUnitReportReporter -->
<testsuite skipped="0" hostname="DESKTOP-FKQ7FVA" name="test.GoogleSearchTestByTestNG" tests="1" failures="0" timestamp="17 Aug 2019 06:49:47 GMT" time="5.567" errors="0">
  <testcase name="googleSearchTest" time="5.567" classname="test.GoogleSearchTestByTestNG"/>
</testsuite> <!-- test.GoogleSearchTestByTestNG -->
